2020-03-18 13:33:26,315 INFO o.a.j.u.JMeterUtils: Setting Locale to en_EN
2020-03-18 13:33:26,360 INFO o.a.j.JMeter: Loading user properties from: user.properties
2020-03-18 13:33:26,363 INFO o.a.j.JMeter: Loading system properties from: system.properties
2020-03-18 13:33:26,367 INFO o.a.j.JMeter: Copyright (c) 1998-2019 The Apache Software Foundation
2020-03-18 13:33:26,367 INFO o.a.j.JMeter: Version 5.2.1
2020-03-18 13:33:26,368 INFO o.a.j.JMeter: java.version=1.8.0_241
2020-03-18 13:33:26,368 INFO o.a.j.JMeter: java.vm.name=Java HotSpot(TM) 64-Bit Server VM
2020-03-18 13:33:26,369 INFO o.a.j.JMeter: os.name=Windows 10
2020-03-18 13:33:26,369 INFO o.a.j.JMeter: os.arch=amd64
2020-03-18 13:33:26,369 INFO o.a.j.JMeter: os.version=10.0
2020-03-18 13:33:26,370 INFO o.a.j.JMeter: file.encoding=Cp1252
2020-03-18 13:33:26,370 INFO o.a.j.JMeter: java.awt.headless=null
2020-03-18 13:33:26,370 INFO o.a.j.JMeter: Max memory     =1073741824
2020-03-18 13:33:26,371 INFO o.a.j.JMeter: Available Processors =8
2020-03-18 13:33:26,382 INFO o.a.j.JMeter: Default Locale=English (EN)
2020-03-18 13:33:26,383 INFO o.a.j.JMeter: JMeter  Locale=English (EN)
2020-03-18 13:33:26,384 INFO o.a.j.JMeter: JMeterHome=C:\Users\priyajain\Jmeter\apache-jmeter-5.2.1
2020-03-18 13:33:26,384 INFO o.a.j.JMeter: user.dir  =C:\Users\priyajain\Jmeter\apache-jmeter-5.2.1\bin
2020-03-18 13:33:26,385 INFO o.a.j.JMeter: PWD       =C:\Users\priyajain\Jmeter\apache-jmeter-5.2.1\bin
2020-03-18 13:33:26,388 INFO o.a.j.JMeter: IP: 10.6.2.205 Name: priya FullName: priya
2020-03-18 13:33:26,945 INFO o.a.j.g.a.LookAndFeelCommand: Installing Darcula LAF
2020-03-18 13:33:26,990 INFO o.a.j.g.a.LookAndFeelCommand: Using look and feel: com.bulenkov.darcula.DarculaLaf [Darcula]
2020-03-18 13:33:26,991 INFO o.a.j.JMeter: Setting LAF to: com.bulenkov.darcula.DarculaLaf
2020-03-18 13:33:27,176 INFO o.a.j.JMeter: Loaded icon properties from org/apache/jmeter/images/icon.properties
2020-03-18 13:33:30,314 INFO o.a.j.JMeter: Loading file: C:\Users\priyajain\Jmeter\apache-jmeter-5.2.1\Test Plan\Test1.jmx
2020-03-18 13:33:30,321 INFO o.a.j.s.FileServer: Default base='C:\Users\priyajain\Jmeter\apache-jmeter-5.2.1\bin'
2020-03-18 13:33:30,324 INFO o.a.j.s.FileServer: Set new base='C:\Users\priyajain\Jmeter\apache-jmeter-5.2.1\Test Plan'
2020-03-18 13:33:30,330 INFO o.j.r.JARSourceHTTP: Found cached repo
2020-03-18 13:33:30,833 INFO o.a.j.s.SaveService: Testplan (JMX) version: 2.2. Testlog (JTL) version: 2.2
2020-03-18 13:33:30,841 INFO o.j.r.PluginManager: Plugins Status: [jpgc-graphs-basic=2.0, jpgc-graphs-additional=2.0, jpgc-graphs-composite=2.0, jpgc-casutg=2.9, kafkameter=0.2.0, jpgc-perfmon=2.1, jpgc-plugins-manager=1.3, jmeter-core=5.2.1, jmeter-ftp=5.2.1, jmeter-http=5.2.1, jmeter-jdbc=5.2.1, jmeter-jms=5.2.1, jmeter-junit=5.2.1, jmeter-java=5.2.1, jmeter-ldap=5.2.1, jmeter-mail=5.2.1, jmeter-mongodb=5.2.1, jmeter-native=5.2.1, jmeter-tcp=5.2.1, jmeter-components=5.2.1]
2020-03-18 13:33:30,854 INFO o.a.j.s.SaveService: Using SaveService properties file encoding UTF-8
2020-03-18 13:33:30,858 INFO o.a.j.s.SaveService: Using SaveService properties version 5.0
2020-03-18 13:33:30,869 INFO o.a.j.s.SaveService: Loading file: C:\Users\priyajain\Jmeter\apache-jmeter-5.2.1\Test Plan\Test1.jmx
2020-03-18 13:33:31,209 INFO o.a.j.p.h.s.HTTPSamplerBase: Parser for text/html is org.apache.jmeter.protocol.http.parser.LagartoBasedHtmlParser
2020-03-18 13:33:31,210 INFO o.a.j.p.h.s.HTTPSamplerBase: Parser for application/xhtml+xml is org.apache.jmeter.protocol.http.parser.LagartoBasedHtmlParser
2020-03-18 13:33:31,210 INFO o.a.j.p.h.s.HTTPSamplerBase: Parser for application/xml is org.apache.jmeter.protocol.http.parser.LagartoBasedHtmlParser
2020-03-18 13:33:31,211 INFO o.a.j.p.h.s.HTTPSamplerBase: Parser for text/xml is org.apache.jmeter.protocol.http.parser.LagartoBasedHtmlParser
2020-03-18 13:33:31,211 INFO o.a.j.p.h.s.HTTPSamplerBase: Parser for text/vnd.wap.wml is org.apache.jmeter.protocol.http.parser.RegexpHTMLParser
2020-03-18 13:33:31,211 INFO o.a.j.p.h.s.HTTPSamplerBase: Parser for text/css is org.apache.jmeter.protocol.http.parser.CssParser
2020-03-18 13:33:31,380 INFO o.a.j.s.FileServer: Set new base='C:\Users\priyajain\Jmeter\apache-jmeter-5.2.1\Test Plan'
2020-03-18 13:33:31,839 INFO o.a.j.s.SampleResult: Note: Sample TimeStamps are START times
2020-03-18 13:33:31,840 INFO o.a.j.s.SampleResult: sampleresult.default.encoding is set to ISO-8859-1
2020-03-18 13:33:31,840 INFO o.a.j.s.SampleResult: sampleresult.useNanoTime=true
2020-03-18 13:33:31,841 INFO o.a.j.s.SampleResult: sampleresult.nanoThreadSleep=5000
2020-03-18 13:33:36,686 INFO o.a.j.e.KeyToolUtils: keytool found at 'keytool'
2020-03-18 13:33:36,690 INFO o.a.j.p.h.p.ProxyControl: HTTP(S) Test Script Recorder SSL Proxy will use keys that support embedded 3rd party resources in file C:\Users\priyajain\Jmeter\apache-jmeter-5.2.1\bin\proxyserver.jks
2020-03-18 13:41:37,047 INFO o.a.j.e.StandardJMeterEngine: Running the test!
2020-03-18 13:41:37,051 INFO o.a.j.s.SampleEvent: List of sample_variables: []
2020-03-18 13:41:37,051 INFO o.a.j.s.SampleEvent: List of sample_variables: []
2020-03-18 13:41:37,058 INFO o.a.j.e.u.CompoundVariable: Note: Function class names must contain the string: '.functions.'
2020-03-18 13:41:37,059 INFO o.a.j.e.u.CompoundVariable: Note: Function class names must not contain the string: '.gui.'
2020-03-18 13:41:38,362 INFO o.a.j.g.u.JMeterMenuBar: setRunning(true, *local*)
2020-03-18 13:41:38,736 INFO o.a.j.e.StandardJMeterEngine: Starting ThreadGroup: 1 : Thread Group
2020-03-18 13:41:38,737 INFO o.a.j.e.StandardJMeterEngine: Starting 5 threads for group Thread Group.
2020-03-18 13:41:38,737 INFO o.a.j.e.StandardJMeterEngine: Thread will continue on error
2020-03-18 13:41:38,738 INFO o.a.j.t.ThreadGroup: Starting thread group... number=1 threads=5 ramp-up=1 delayedStart=false
2020-03-18 13:41:38,760 INFO o.a.j.t.JMeterThread: Thread started: Thread Group 1-1
2020-03-18 13:41:38,761 INFO o.a.j.t.ThreadGroup: Started thread group number 1
2020-03-18 13:41:38,762 INFO o.a.j.e.StandardJMeterEngine: All thread groups have been started
2020-03-18 13:41:38,794 INFO o.a.j.p.h.s.HTTPHCAbstractImpl: Local host = priya
2020-03-18 13:41:38,817 INFO o.a.j.p.h.s.HTTPHC4Impl: HTTP request retry count = 0
2020-03-18 13:41:38,947 INFO o.a.j.t.JMeterThread: Thread started: Thread Group 1-2
2020-03-18 13:41:39,145 INFO o.a.j.t.JMeterThread: Thread started: Thread Group 1-3
2020-03-18 13:41:39,345 INFO o.a.j.t.JMeterThread: Thread started: Thread Group 1-4
2020-03-18 13:41:39,542 INFO o.a.j.t.JMeterThread: Thread started: Thread Group 1-5
2020-03-18 13:41:39,624 INFO o.a.j.u.JsseSSLManager: Using default SSL protocol: TLS
2020-03-18 13:41:39,624 INFO o.a.j.u.JsseSSLManager: SSL session context: per-thread
2020-03-18 13:41:52,330 INFO o.a.j.g.a.Start: Stopping test
2020-03-18 13:41:52,359 INFO o.a.j.t.JMeterThread: Stopping: Thread Group 1-1
2020-03-18 13:41:52,361 WARN o.a.j.t.JMeterThread: Interrupting: Thread Group 1-1 sampler: HTTP Request
2020-03-18 13:41:52,363 INFO o.a.j.t.JMeterThread: Stopping: Thread Group 1-2
2020-03-18 13:41:52,363 WARN o.a.j.t.JMeterThread: Interrupting: Thread Group 1-2 sampler: HTTP Request
2020-03-18 13:41:52,365 INFO o.a.j.t.JMeterThread: Stopping: Thread Group 1-5
2020-03-18 13:41:52,365 WARN o.a.j.t.JMeterThread: Interrupting: Thread Group 1-5 sampler: HTTP Request
2020-03-18 13:41:52,367 INFO o.a.j.t.JMeterThread: Stopping: Thread Group 1-3
2020-03-18 13:41:52,367 WARN o.a.j.t.JMeterThread: Interrupting: Thread Group 1-3 sampler: HTTP Request
2020-03-18 13:41:52,370 INFO o.a.j.t.JMeterThread: Stopping: Thread Group 1-4
2020-03-18 13:41:52,371 INFO o.a.j.t.JMeterThread: Thread finished: Thread Group 1-1
2020-03-18 13:41:52,371 INFO o.a.j.t.JMeterThread: Thread finished: Thread Group 1-5
2020-03-18 13:41:52,370 WARN o.a.j.t.JMeterThread: Interrupting: Thread Group 1-4 sampler: HTTP Request
2020-03-18 13:41:52,373 INFO o.a.j.t.JMeterThread: Thread finished: Thread Group 1-2
2020-03-18 13:41:52,376 INFO o.a.j.t.JMeterThread: Thread finished: Thread Group 1-3
2020-03-18 13:41:52,379 INFO o.a.j.t.JMeterThread: Thread finished: Thread Group 1-4
2020-03-18 13:41:52,380 INFO o.a.j.e.StandardJMeterEngine: Notifying test listeners of end of test
2020-03-18 13:41:52,382 INFO o.a.j.g.u.JMeterMenuBar: setRunning(false, *local*)
